Using pre-set license
Built from '2020.3/staging' branch; Version is '2020.3.9f1 (108be757e447) revision 1084391'; Using compiler version '192528614'; Build Type 'Release'
OS: 'Windows 10 Home; OS build 19043.1110; Version 2009; 64bit' Language: 'de' Physical Memory: 16316 MB
BatchMode: 1, IsHumanControllingUs: 0, StartBugReporterOnCrash: 0, Is64bit: 1, IsPro: 0

 COMMAND LINE ARGUMENTS:
C:\Program Files\Unity\Hub\Editor\2020.3.9f1\Editor\Unity.exe
-adb2
-batchMode
-noUpm
-name
AssetImportWorker0
-projectPath
C:/Users/felru/Desktop/ShaderTestProjeckt/DialogGraphTest
-logFile
Logs/AssetImportWorker0.log
-srvPort
51019
Successfully changed project path to: C:/Users/felru/Desktop/ShaderTestProjeckt/DialogGraphTest
C:/Users/felru/Desktop/ShaderTestProjeckt/DialogGraphTest
Using Asset Import Pipeline V2.
Refreshing native plugins compatible for Editor in 41.56 ms, found 1 plugins.
Preloading 0 native plugins for Editor in 0.00 ms.
Initialize engine version: 2020.3.9f1 (108be757e447)
[Subsystems] Discovering subsystems at path C:/Program Files/Unity/Hub/Editor/2020.3.9f1/Editor/Data/Resources/UnitySubsystems
[Subsystems] Discovering subsystems at path C:/Users/felru/Desktop/ShaderTestProjeckt/DialogGraphTest/Assets
GfxDevice: creating device client; threaded=0
Direct3D:
    Version:  Direct3D 11.0 [level 11.1]
    Renderer: NVIDIA GeForce GTX 1060 6GB (ID=0x1c03)
    Vendor:   
    VRAM:     6052 MB
    Driver:   27.21.14.6677
Initialize mono
Mono path[0] = 'C:/Program Files/Unity/Hub/Editor/2020.3.9f1/Editor/Data/Managed'
Mono path[1] = 'C:/Program Files/Unity/Hub/Editor/2020.3.9f1/Editor/Data/MonoBleedingEdge/lib/mono/unityjit'
Mono config path = 'C:/Program Files/Unity/Hub/Editor/2020.3.9f1/Editor/Data/MonoBleedingEdge/etc'
Using monoOptions --debugger-agent=transport=dt_socket,embedding=1,server=y,suspend=n,address=127.0.0.1:56884
Begin MonoManager ReloadAssembly
Registering precompiled unity dll's ...
Register platform support module: C:/Program Files/Unity/Hub/Editor/2020.3.9f1/Editor/Data/PlaybackEngines/MacStandaloneSupport/UnityEditor.OSXStandalone.Extensions.dll
Register platform support module: C:/Program Files/Unity/Hub/Editor/2020.3.9f1/Editor/Data/PlaybackEngines/WindowsStandaloneSupport/UnityEditor.WindowsStandalone.Extensions.dll
Register platform support module: C:/Program Files/Unity/Hub/Editor/2020.3.9f1/Editor/Data/PlaybackEngines/LinuxStandaloneSupport/UnityEditor.LinuxStandalone.Extensions.dll
Registered in 0.004995 seconds.
Native extension for LinuxStandalone target not found
Native extension for WindowsStandalone target not found
Native extension for OSXStandalone target not found
Refreshing native plugins compatible for Editor in 42.32 ms, found 1 plugins.
Preloading 0 native plugins for Editor in 0.00 ms.
Mono: successfully reloaded assembly
- Completed reload, in  1.566 seconds
Platform modules already initialized, skipping
Registering precompiled user dll's ...
Registered in 0.001581 seconds.
Begin MonoManager ReloadAssembly
Native extension for LinuxStandalone target not found
Native extension for WindowsStandalone target not found
Native extension for OSXStandalone target not found
Refreshing native plugins compatible for Editor in 42.62 ms, found 1 plugins.
Preloading 0 native plugins for Editor in 0.00 ms.
Mono: successfully reloaded assembly
- Completed reload, in  1.165 seconds
Platform modules already initialized, skipping
========================================================================
Worker process is ready to serve import requests
Launched and connected shader compiler UnityShaderCompiler.exe after 0.05 seconds
Refreshing native plugins compatible for Editor in 0.50 ms, found 1 plugins.
Preloading 0 native plugins for Editor in 0.00 ms.
Unloading 1819 Unused Serialized files (Serialized files now loaded: 0)
System memory in use before: 85.3 MB.
System memory in use after: 85.2 MB.

Unloading 24 unused Assets to reduce memory usage. Loaded Objects now: 2263.
Total: 2.246200 ms (FindLiveObjects: 0.230200 ms CreateObjectMapping: 0.051400 ms MarkObjects: 1.823800 ms  DeleteObjects: 0.139200 ms)

========================================================================
Received Import Request.
  path: Assets/Resources/Dialogs/4Rischtungen.asset
  artifactKey: Guid(6408ec6370b438546980b3e3bd774ced) Importer(815301076,1909f56bfc062723c751e8b465ee728b)
Start importing Assets/Resources/Dialogs/4Rischtungen.asset using Guid(6408ec6370b438546980b3e3bd774ced) Importer(815301076,1909f56bfc062723c751e8b465ee728b)  -> (artifact id: 'b09874af1c3f63a6f5b961ced9faffbf') in 0.049766 seconds
  Import took 0.052869 seconds .

========================================================================
Received Prepare
Registering precompiled user dll's ...
Registered in 0.001952 seconds.
Begin MonoManager ReloadAssembly
Native extension for LinuxStandalone target not found
Native extension for WindowsStandalone target not found
Native extension for OSXStandalone target not found
Refreshing native plugins compatible for Editor in 0.44 ms, found 1 plugins.
Preloading 0 native plugins for Editor in 0.00 ms.
Mono: successfully reloaded assembly
- Completed reload, in  1.128 seconds
Platform modules already initialized, skipping
Refreshing native plugins compatible for Editor in 0.44 ms, found 1 plugins.
Preloading 0 native plugins for Editor in 0.00 ms.
Unloading 1814 Unused Serialized files (Serialized files now loaded: 0)
System memory in use before: 85.2 MB.
System memory in use after: 85.2 MB.

Unloading 12 unused Assets to reduce memory usage. Loaded Objects now: 2267.
Total: 2.365600 ms (FindLiveObjects: 0.233100 ms CreateObjectMapping: 0.048200 ms MarkObjects: 1.947800 ms  DeleteObjects: 0.135100 ms)

========================================================================
Received Import Request.
  Time since last request: 181.619444 seconds.
  path: Assets/DialogEditor/Editor/DialogGraf/DialogGraphView.cs
  artifactKey: Guid(986332dae9f92c44f9f3c79b8d7de59f) Importer(815301076,1909f56bfc062723c751e8b465ee728b)
Start importing Assets/DialogEditor/Editor/DialogGraf/DialogGraphView.cs using Guid(986332dae9f92c44f9f3c79b8d7de59f) Importer(815301076,1909f56bfc062723c751e8b465ee728b)  -> (artifact id: '0268008baff701ab76887c89f9415415') in 0.016812 seconds
  Import took 0.020024 seconds .

========================================================================
Received Import Request.
  Time since last request: 0.031706 seconds.
  path: Assets/DialogEditor/Editor/DialogGraf/DialogGraphView.cs
  artifactKey: Guid(986332dae9f92c44f9f3c79b8d7de59f) Importer(815301076,1909f56bfc062723c751e8b465ee728b)
Start importing Assets/DialogEditor/Editor/DialogGraf/DialogGraphView.cs using Guid(986332dae9f92c44f9f3c79b8d7de59f) Importer(815301076,1909f56bfc062723c751e8b465ee728b)  -> (artifact id: '0268008baff701ab76887c89f9415415') in 0.004262 seconds
  Import took 0.007775 seconds .

========================================================================
Received Import Request.
  Time since last request: 1.452055 seconds.
  path: Assets/DialogEditor/Editor/DialogGraf/DialogGraph.cs
  artifactKey: Guid(30329bfcbd7c09e4db27ccf89e9fc67e) Importer(815301076,1909f56bfc062723c751e8b465ee728b)
Start importing Assets/DialogEditor/Editor/DialogGraf/DialogGraph.cs using Guid(30329bfcbd7c09e4db27ccf89e9fc67e) Importer(815301076,1909f56bfc062723c751e8b465ee728b)  -> (artifact id: '130c0603ae839cc2c96f1567ece7acd6') in 0.008792 seconds
  Import took 0.012137 seconds .

========================================================================
Received Import Request.
  Time since last request: 0.000657 seconds.
  path: Assets/DialogEditor/Editor/DialogGraf/DialogGraph.cs
  artifactKey: Guid(30329bfcbd7c09e4db27ccf89e9fc67e) Importer(815301076,1909f56bfc062723c751e8b465ee728b)
Start importing Assets/DialogEditor/Editor/DialogGraf/DialogGraph.cs using Guid(30329bfcbd7c09e4db27ccf89e9fc67e) Importer(815301076,1909f56bfc062723c751e8b465ee728b)  -> (artifact id: '130c0603ae839cc2c96f1567ece7acd6') in 0.004025 seconds
  Import took 0.007389 seconds .

========================================================================
Received Prepare
Registering precompiled user dll's ...
Registered in 0.001690 seconds.
Begin MonoManager ReloadAssembly
Native extension for LinuxStandalone target not found
Native extension for WindowsStandalone target not found
Native extension for OSXStandalone target not found
Refreshing native plugins compatible for Editor in 0.90 ms, found 1 plugins.
Preloading 0 native plugins for Editor in 0.00 ms.
Mono: successfully reloaded assembly
- Completed reload, in  1.140 seconds
Platform modules already initialized, skipping
Refreshing native plugins compatible for Editor in 0.47 ms, found 1 plugins.
Preloading 0 native plugins for Editor in 0.00 ms.
Unloading 1814 Unused Serialized files (Serialized files now loaded: 0)
System memory in use before: 85.3 MB.
System memory in use after: 85.2 MB.

Unloading 12 unused Assets to reduce memory usage. Loaded Objects now: 2271.
Total: 2.454900 ms (FindLiveObjects: 0.273300 ms CreateObjectMapping: 0.046200 ms MarkObjects: 1.994400 ms  DeleteObjects: 0.139400 ms)

========================================================================
Received Import Request.
  Time since last request: 104.977213 seconds.
  path: Assets/DialogEditor/Editor/DialogGraf/TestEditorWindow.uxml
  artifactKey: Guid(3c508ce764bfb6c4db72b12a030af873) Importer(815301076,1909f56bfc062723c751e8b465ee728b)
Start importing Assets/DialogEditor/Editor/DialogGraf/TestEditorWindow.uxml using Guid(3c508ce764bfb6c4db72b12a030af873) Importer(815301076,1909f56bfc062723c751e8b465ee728b)  -> (artifact id: '2280b3e4977442c997823ec27fc42592') in 0.039746 seconds
  Import took 0.043667 seconds .

========================================================================
Received Prepare
Registering precompiled user dll's ...
Registered in 0.001607 seconds.
Begin MonoManager ReloadAssembly
Native extension for LinuxStandalone target not found
Native extension for WindowsStandalone target not found
Native extension for OSXStandalone target not found
Refreshing native plugins compatible for Editor in 0.49 ms, found 1 plugins.
Preloading 0 native plugins for Editor in 0.00 ms.
Mono: successfully reloaded assembly
- Completed reload, in  1.048 seconds
Platform modules already initialized, skipping
Refreshing native plugins compatible for Editor in 0.42 ms, found 1 plugins.
Preloading 0 native plugins for Editor in 0.00 ms.
Unloading 1814 Unused Serialized files (Serialized files now loaded: 0)
System memory in use before: 85.3 MB.
System memory in use after: 85.3 MB.

Unloading 12 unused Assets to reduce memory usage. Loaded Objects now: 2275.
Total: 2.240100 ms (FindLiveObjects: 0.241200 ms CreateObjectMapping: 0.046800 ms MarkObjects: 1.824000 ms  DeleteObjects: 0.126400 ms)

========================================================================
Received Import Request.
  Time since last request: 267.914898 seconds.
  path: Assets/DialogEditor/Editor/DialogGraf/DialogGraph.cs
  artifactKey: Guid(30329bfcbd7c09e4db27ccf89e9fc67e) Importer(815301076,1909f56bfc062723c751e8b465ee728b)
Start importing Assets/DialogEditor/Editor/DialogGraf/DialogGraph.cs using Guid(30329bfcbd7c09e4db27ccf89e9fc67e) Importer(815301076,1909f56bfc062723c751e8b465ee728b)  -> (artifact id: 'c3e9068720ef31f42a1d0d7fa974b244') in 0.006486 seconds
  Import took 0.009374 seconds .

========================================================================
Received Import Request.
  Time since last request: 36.978890 seconds.
  path: Assets/Resources/Dialogs/4Rischtungen.asset
  artifactKey: Guid(6408ec6370b438546980b3e3bd774ced) Importer(815301076,1909f56bfc062723c751e8b465ee728b)
Start importing Assets/Resources/Dialogs/4Rischtungen.asset using Guid(6408ec6370b438546980b3e3bd774ced) Importer(815301076,1909f56bfc062723c751e8b465ee728b)  -> (artifact id: '2f63be72fff37281ec06d57a4564d966') in 0.018189 seconds
  Import took 0.021309 seconds .

========================================================================
Received Import Request.
  Time since last request: 70.083827 seconds.
  path: Assets/Resources/Blackboard.asset
  artifactKey: Guid(ce74ad632a696bb4b8d80d4c7ddc365b) Importer(815301076,1909f56bfc062723c751e8b465ee728b)
Start importing Assets/Resources/Blackboard.asset using Guid(ce74ad632a696bb4b8d80d4c7ddc365b) Importer(815301076,1909f56bfc062723c751e8b465ee728b)  -> (artifact id: 'dd665395ff1aaf8a454f71978ab74613') in 0.011516 seconds
  Import took 0.014902 seconds .

========================================================================
Received Prepare
Registering precompiled user dll's ...
Registered in 0.001700 seconds.
Begin MonoManager ReloadAssembly
Native extension for LinuxStandalone target not found
Native extension for WindowsStandalone target not found
Native extension for OSXStandalone target not found
Refreshing native plugins compatible for Editor in 0.41 ms, found 1 plugins.
Preloading 0 native plugins for Editor in 0.00 ms.
Mono: successfully reloaded assembly
- Completed reload, in  1.015 seconds
Platform modules already initialized, skipping
Refreshing native plugins compatible for Editor in 0.39 ms, found 1 plugins.
Preloading 0 native plugins for Editor in 0.00 ms.
Unloading 1814 Unused Serialized files (Serialized files now loaded: 0)
System memory in use before: 85.3 MB.
System memory in use after: 85.3 MB.

Unloading 12 unused Assets to reduce memory usage. Loaded Objects now: 2279.
Total: 2.387200 ms (FindLiveObjects: 0.238900 ms CreateObjectMapping: 0.047800 ms MarkObjects: 1.968400 ms  DeleteObjects: 0.130700 ms)

========================================================================
Received Import Request.
  Time since last request: 154.571750 seconds.
  path: Assets/Resources/Dialogs/4Rischtungen.asset
  artifactKey: Guid(6408ec6370b438546980b3e3bd774ced) Importer(815301076,1909f56bfc062723c751e8b465ee728b)
Start importing Assets/Resources/Dialogs/4Rischtungen.asset using Guid(6408ec6370b438546980b3e3bd774ced) Importer(815301076,1909f56bfc062723c751e8b465ee728b)  -> (artifact id: '6424fff7d6cad278c093c17c4b4021a4') in 0.019380 seconds
  Import took 0.022869 seconds .

========================================================================
Received Import Request.
  Time since last request: 6.361371 seconds.
  path: Assets/Resources/Dialogs/4Rischtungen.asset
  artifactKey: Guid(6408ec6370b438546980b3e3bd774ced) Importer(815301076,1909f56bfc062723c751e8b465ee728b)
Start importing Assets/Resources/Dialogs/4Rischtungen.asset using Guid(6408ec6370b438546980b3e3bd774ced) Importer(815301076,1909f56bfc062723c751e8b465ee728b)  -> (artifact id: '16ad6a38494e09831065dcaaad38f2af') in 0.006109 seconds
  Import took 0.009555 seconds .

========================================================================
Received Prepare
Registering precompiled user dll's ...
Registered in 0.001873 seconds.
Begin MonoManager ReloadAssembly
Native extension for LinuxStandalone target not found
Native extension for WindowsStandalone target not found
Native extension for OSXStandalone target not found
Refreshing native plugins compatible for Editor in 0.46 ms, found 1 plugins.
Preloading 0 native plugins for Editor in 0.00 ms.
Mono: successfully reloaded assembly
- Completed reload, in  1.059 seconds
Platform modules already initialized, skipping
Refreshing native plugins compatible for Editor in 0.39 ms, found 1 plugins.
Preloading 0 native plugins for Editor in 0.00 ms.
Unloading 1814 Unused Serialized files (Serialized files now loaded: 0)
System memory in use before: 85.4 MB.
System memory in use after: 85.3 MB.

Unloading 12 unused Assets to reduce memory usage. Loaded Objects now: 2283.
Total: 2.227100 ms (FindLiveObjects: 0.240300 ms CreateObjectMapping: 0.048300 ms MarkObjects: 1.815500 ms  DeleteObjects: 0.121000 ms)

========================================================================
Received Prepare
Registering precompiled user dll's ...
Registered in 0.001603 seconds.
Begin MonoManager ReloadAssembly
Native extension for LinuxStandalone target not found
Native extension for WindowsStandalone target not found
Native extension for OSXStandalone target not found
Refreshing native plugins compatible for Editor in 0.41 ms, found 1 plugins.
Preloading 0 native plugins for Editor in 0.00 ms.
Mono: successfully reloaded assembly
- Completed reload, in  0.970 seconds
Platform modules already initialized, skipping
Refreshing native plugins compatible for Editor in 0.40 ms, found 1 plugins.
Preloading 0 native plugins for Editor in 0.00 ms.
Unloading 1814 Unused Serialized files (Serialized files now loaded: 0)
System memory in use before: 85.4 MB.
System memory in use after: 85.3 MB.

Unloading 12 unused Assets to reduce memory usage. Loaded Objects now: 2287.
Total: 2.384400 ms (FindLiveObjects: 0.213700 ms CreateObjectMapping: 0.047000 ms MarkObjects: 1.984100 ms  DeleteObjects: 0.138400 ms)

========================================================================
Received Prepare
Registering precompiled user dll's ...
Registered in 0.001560 seconds.
Begin MonoManager ReloadAssembly
Native extension for LinuxStandalone target not found
Native extension for WindowsStandalone target not found
Native extension for OSXStandalone target not found
Refreshing native plugins compatible for Editor in 0.43 ms, found 1 plugins.
Preloading 0 native plugins for Editor in 0.00 ms.
Mono: successfully reloaded assembly
- Completed reload, in  1.036 seconds
Platform modules already initialized, skipping
Refreshing native plugins compatible for Editor in 0.50 ms, found 1 plugins.
Preloading 0 native plugins for Editor in 0.00 ms.
Unloading 1814 Unused Serialized files (Serialized files now loaded: 0)
System memory in use before: 85.4 MB.
System memory in use after: 85.4 MB.

Unloading 12 unused Assets to reduce memory usage. Loaded Objects now: 2291.
Total: 2.347500 ms (FindLiveObjects: 0.225400 ms CreateObjectMapping: 0.045400 ms MarkObjects: 1.944200 ms  DeleteObjects: 0.131000 ms)

========================================================================
Received Import Request.
  Time since last request: 2331.303154 seconds.
  path: Assets/Resources/Blackboard.asset
  artifactKey: Guid(ce74ad632a696bb4b8d80d4c7ddc365b) Importer(815301076,1909f56bfc062723c751e8b465ee728b)
Start importing Assets/Resources/Blackboard.asset using Guid(ce74ad632a696bb4b8d80d4c7ddc365b) Importer(815301076,1909f56bfc062723c751e8b465ee728b)  -> (artifact id: '190ace444aae696b5deeeec4312dca75') in 0.016936 seconds
  Import took 0.020523 seconds .

========================================================================
Received Prepare
Registering precompiled user dll's ...
Registered in 0.001523 seconds.
Begin MonoManager ReloadAssembly
Native extension for LinuxStandalone target not found
Native extension for WindowsStandalone target not found
Native extension for OSXStandalone target not found
Refreshing native plugins compatible for Editor in 0.90 ms, found 1 plugins.
Preloading 0 native plugins for Editor in 0.00 ms.
Mono: successfully reloaded assembly
- Completed reload, in  1.062 seconds
Platform modules already initialized, skipping
Refreshing native plugins compatible for Editor in 0.40 ms, found 1 plugins.
Preloading 0 native plugins for Editor in 0.00 ms.
Unloading 1814 Unused Serialized files (Serialized files now loaded: 0)
System memory in use before: 85.4 MB.
System memory in use after: 85.4 MB.

Unloading 12 unused Assets to reduce memory usage. Loaded Objects now: 2295.
Total: 3.187000 ms (FindLiveObjects: 0.647100 ms CreateObjectMapping: 0.114800 ms MarkObjects: 2.282000 ms  DeleteObjects: 0.140700 ms)

========================================================================
Received Prepare
Registering precompiled user dll's ...
Registered in 0.001648 seconds.
Begin MonoManager ReloadAssembly
Native extension for LinuxStandalone target not found
Native extension for WindowsStandalone target not found
Native extension for OSXStandalone target not found
Refreshing native plugins compatible for Editor in 0.41 ms, found 1 plugins.
Preloading 0 native plugins for Editor in 0.00 ms.
Mono: successfully reloaded assembly
- Completed reload, in  1.041 seconds
Platform modules already initialized, skipping
Refreshing native plugins compatible for Editor in 0.40 ms, found 1 plugins.
Preloading 0 native plugins for Editor in 0.00 ms.
Unloading 1814 Unused Serialized files (Serialized files now loaded: 0)
System memory in use before: 85.4 MB.
System memory in use after: 85.4 MB.

Unloading 12 unused Assets to reduce memory usage. Loaded Objects now: 2299.
Total: 2.289200 ms (FindLiveObjects: 0.268600 ms CreateObjectMapping: 0.047600 ms MarkObjects: 1.839300 ms  DeleteObjects: 0.131800 ms)

========================================================================
Received Import Request.
  Time since last request: 341.332328 seconds.
  path: Assets/DialogEditor/Editor/DialogGraf/TestEditorWindow.uxml
  artifactKey: Guid(3c508ce764bfb6c4db72b12a030af873) Importer(815301076,1909f56bfc062723c751e8b465ee728b)
Start importing Assets/DialogEditor/Editor/DialogGraf/TestEditorWindow.uxml using Guid(3c508ce764bfb6c4db72b12a030af873) Importer(815301076,1909f56bfc062723c751e8b465ee728b)  -> (artifact id: 'b082bde87cd7bb76dd336944078dc074') in 0.031588 seconds
  Import took 0.036134 seconds .

========================================================================
Received Import Request.
  Time since last request: 71.722370 seconds.
  path: Assets/Resources/Dialogs/Test.asset
  artifactKey: Guid(a2ffaba82c8d13b49ad56b5a729601ce) Importer(815301076,1909f56bfc062723c751e8b465ee728b)
Start importing Assets/Resources/Dialogs/Test.asset using Guid(a2ffaba82c8d13b49ad56b5a729601ce) Importer(815301076,1909f56bfc062723c751e8b465ee728b)  -> (artifact id: 'cd04c38164928a862ca6b6833a00d264') in 0.011579 seconds
  Import took 0.014715 seconds .

========================================================================
Received Prepare
Registering precompiled user dll's ...
Registered in 0.001727 seconds.
Begin MonoManager ReloadAssembly
Native extension for LinuxStandalone target not found
Native extension for WindowsStandalone target not found
Native extension for OSXStandalone target not found
Refreshing native plugins compatible for Editor in 0.57 ms, found 1 plugins.
Preloading 0 native plugins for Editor in 0.00 ms.
Mono: successfully reloaded assembly
- Completed reload, in  1.035 seconds
Platform modules already initialized, skipping
Refreshing native plugins compatible for Editor in 0.55 ms, found 1 plugins.
Preloading 0 native plugins for Editor in 0.00 ms.
Unloading 1814 Unused Serialized files (Serialized files now loaded: 0)
System memory in use before: 85.4 MB.
System memory in use after: 85.4 MB.

Unloading 12 unused Assets to reduce memory usage. Loaded Objects now: 2303.
Total: 4.541800 ms (FindLiveObjects: 0.488800 ms CreateObjectMapping: 0.084100 ms MarkObjects: 3.757600 ms  DeleteObjects: 0.206900 ms)

========================================================================
Received Prepare
Registering precompiled user dll's ...
Registered in 0.001731 seconds.
Begin MonoManager ReloadAssembly
Native extension for LinuxStandalone target not found
Native extension for WindowsStandalone target not found
Native extension for OSXStandalone target not found
Refreshing native plugins compatible for Editor in 0.43 ms, found 1 plugins.
Preloading 0 native plugins for Editor in 0.00 ms.
Mono: successfully reloaded assembly
- Completed reload, in  1.003 seconds
Platform modules already initialized, skipping
Refreshing native plugins compatible for Editor in 0.39 ms, found 1 plugins.
Preloading 0 native plugins for Editor in 0.00 ms.
Unloading 1814 Unused Serialized files (Serialized files now loaded: 0)
System memory in use before: 85.4 MB.
System memory in use after: 85.4 MB.

Unloading 12 unused Assets to reduce memory usage. Loaded Objects now: 2307.
Total: 2.500000 ms (FindLiveObjects: 0.379300 ms CreateObjectMapping: 0.056200 ms MarkObjects: 1.929500 ms  DeleteObjects: 0.131800 ms)

