Using pre-set license
Built from '2020.3/staging' branch; Version is '2020.3.9f1 (108be757e447) revision 1084391'; Using compiler version '192528614'; Build Type 'Release'
OS: 'Windows 10 Home; OS build 19043.1110; Version 2009; 64bit' Language: 'de' Physical Memory: 16316 MB
BatchMode: 1, IsHumanControllingUs: 0, StartBugReporterOnCrash: 0, Is64bit: 1, IsPro: 0

 COMMAND LINE ARGUMENTS:
C:\Program Files\Unity\Hub\Editor\2020.3.9f1\Editor\Unity.exe
-adb2
-batchMode
-noUpm
-name
AssetImportWorker0
-projectPath
C:/Users/felru/Desktop/ShaderTestProjeckt/DialogGraphTest
-logFile
Logs/AssetImportWorker0.log
-srvPort
63958
Successfully changed project path to: C:/Users/felru/Desktop/ShaderTestProjeckt/DialogGraphTest
C:/Users/felru/Desktop/ShaderTestProjeckt/DialogGraphTest
Using Asset Import Pipeline V2.
Refreshing native plugins compatible for Editor in 42.57 ms, found 1 plugins.
Preloading 0 native plugins for Editor in 0.00 ms.
Initialize engine version: 2020.3.9f1 (108be757e447)
[Subsystems] Discovering subsystems at path C:/Program Files/Unity/Hub/Editor/2020.3.9f1/Editor/Data/Resources/UnitySubsystems
[Subsystems] Discovering subsystems at path C:/Users/felru/Desktop/ShaderTestProjeckt/DialogGraphTest/Assets
GfxDevice: creating device client; threaded=0
Direct3D:
    Version:  Direct3D 11.0 [level 11.1]
    Renderer: NVIDIA GeForce GTX 1060 6GB (ID=0x1c03)
    Vendor:   
    VRAM:     6052 MB
    Driver:   27.21.14.6677
Initialize mono
Mono path[0] = 'C:/Program Files/Unity/Hub/Editor/2020.3.9f1/Editor/Data/Managed'
Mono path[1] = 'C:/Program Files/Unity/Hub/Editor/2020.3.9f1/Editor/Data/MonoBleedingEdge/lib/mono/unityjit'
Mono config path = 'C:/Program Files/Unity/Hub/Editor/2020.3.9f1/Editor/Data/MonoBleedingEdge/etc'
Using monoOptions --debugger-agent=transport=dt_socket,embedding=1,server=y,suspend=n,address=127.0.0.1:56872
Begin MonoManager ReloadAssembly
Registering precompiled unity dll's ...
Register platform support module: C:/Program Files/Unity/Hub/Editor/2020.3.9f1/Editor/Data/PlaybackEngines/MacStandaloneSupport/UnityEditor.OSXStandalone.Extensions.dll
Register platform support module: C:/Program Files/Unity/Hub/Editor/2020.3.9f1/Editor/Data/PlaybackEngines/WindowsStandaloneSupport/UnityEditor.WindowsStandalone.Extensions.dll
Register platform support module: C:/Program Files/Unity/Hub/Editor/2020.3.9f1/Editor/Data/PlaybackEngines/LinuxStandaloneSupport/UnityEditor.LinuxStandalone.Extensions.dll
Registered in 0.005190 seconds.
Native extension for LinuxStandalone target not found
Native extension for WindowsStandalone target not found
Native extension for OSXStandalone target not found
Refreshing native plugins compatible for Editor in 41.01 ms, found 1 plugins.
Preloading 0 native plugins for Editor in 0.00 ms.
Mono: successfully reloaded assembly
- Completed reload, in  1.613 seconds
Platform modules already initialized, skipping
Registering precompiled user dll's ...
Registered in 0.001802 seconds.
Begin MonoManager ReloadAssembly
Native extension for LinuxStandalone target not found
Native extension for WindowsStandalone target not found
Native extension for OSXStandalone target not found
Refreshing native plugins compatible for Editor in 39.55 ms, found 1 plugins.
Preloading 0 native plugins for Editor in 0.00 ms.
Mono: successfully reloaded assembly
- Completed reload, in  1.140 seconds
Platform modules already initialized, skipping
========================================================================
Worker process is ready to serve import requests
Launched and connected shader compiler UnityShaderCompiler.exe after 0.05 seconds
Refreshing native plugins compatible for Editor in 0.89 ms, found 1 plugins.
Preloading 0 native plugins for Editor in 0.00 ms.
Unloading 1819 Unused Serialized files (Serialized files now loaded: 0)
System memory in use before: 85.3 MB.
System memory in use after: 85.2 MB.

Unloading 24 unused Assets to reduce memory usage. Loaded Objects now: 2264.
Total: 2.441600 ms (FindLiveObjects: 0.251300 ms CreateObjectMapping: 0.048600 ms MarkObjects: 1.962200 ms  DeleteObjects: 0.177800 ms)

========================================================================
Received Import Request.
  path: Assets/DialogEditor/DattaSave/DialogEvent.cs
  artifactKey: Guid(398aab78bbb0e4c4f94b9cc1de0e5c20) Importer(815301076,1909f56bfc062723c751e8b465ee728b)
Start importing Assets/DialogEditor/DattaSave/DialogEvent.cs using Guid(398aab78bbb0e4c4f94b9cc1de0e5c20) Importer(815301076,1909f56bfc062723c751e8b465ee728b)  -> (artifact id: '43aa946e1757265c599000b62292b5c8') in 0.037290 seconds
  Import took 0.040857 seconds .

========================================================================
Received Import Request.
  Time since last request: 12630.285960 seconds.
  path: Assets/Resources/Dialogs/Test2.asset
  artifactKey: Guid(8dc83d3305818cd4cbc7ee7f6990c00f) Importer(815301076,1909f56bfc062723c751e8b465ee728b)
Start importing Assets/Resources/Dialogs/Test2.asset using Guid(8dc83d3305818cd4cbc7ee7f6990c00f) Importer(815301076,1909f56bfc062723c751e8b465ee728b)  -> (artifact id: '35b9a960b67aba7ffbbda1391704a1f8') in 0.031836 seconds
  Import took 0.038256 seconds .

========================================================================
Received Import Request.
  Time since last request: 62.112345 seconds.
  path: Assets/Resources/Dialogs/Test.asset
  artifactKey: Guid(a2ffaba82c8d13b49ad56b5a729601ce) Importer(815301076,1909f56bfc062723c751e8b465ee728b)
Start importing Assets/Resources/Dialogs/Test.asset using Guid(a2ffaba82c8d13b49ad56b5a729601ce) Importer(815301076,1909f56bfc062723c751e8b465ee728b)  -> (artifact id: '821064716b917bb462db85cd65223404') in 0.010533 seconds
  Import took 0.013823 seconds .

========================================================================
Received Import Request.
  Time since last request: 270.298941 seconds.
  path: Assets/Resources/Dialogs/Test2.asset
  artifactKey: Guid(8dc83d3305818cd4cbc7ee7f6990c00f) Importer(815301076,1909f56bfc062723c751e8b465ee728b)
Start importing Assets/Resources/Dialogs/Test2.asset using Guid(8dc83d3305818cd4cbc7ee7f6990c00f) Importer(815301076,1909f56bfc062723c751e8b465ee728b)  -> (artifact id: '868b0024661fc2a24e3700047b45de8a') in 0.004955 seconds
  Import took 0.008275 seconds .

========================================================================
Received Import Request.
  Time since last request: 0.008205 seconds.
  path: Assets/Resources/Dialogs/Test2.asset
  artifactKey: Guid(8dc83d3305818cd4cbc7ee7f6990c00f) Importer(815301076,1909f56bfc062723c751e8b465ee728b)
Start importing Assets/Resources/Dialogs/Test2.asset using Guid(8dc83d3305818cd4cbc7ee7f6990c00f) Importer(815301076,1909f56bfc062723c751e8b465ee728b)  -> (artifact id: '868b0024661fc2a24e3700047b45de8a') in 0.004675 seconds
  Import took 0.007871 seconds .

========================================================================
Received Prepare
Registering precompiled user dll's ...
Registered in 0.001611 seconds.
Begin MonoManager ReloadAssembly
Native extension for LinuxStandalone target not found
Native extension for WindowsStandalone target not found
Native extension for OSXStandalone target not found
Refreshing native plugins compatible for Editor in 0.49 ms, found 1 plugins.
Preloading 0 native plugins for Editor in 0.00 ms.
Mono: successfully reloaded assembly
- Completed reload, in  1.140 seconds
Platform modules already initialized, skipping
Refreshing native plugins compatible for Editor in 0.40 ms, found 1 plugins.
Preloading 0 native plugins for Editor in 0.00 ms.
Unloading 1814 Unused Serialized files (Serialized files now loaded: 0)
System memory in use before: 85.3 MB.
System memory in use after: 85.2 MB.

Unloading 12 unused Assets to reduce memory usage. Loaded Objects now: 2268.
Total: 2.846000 ms (FindLiveObjects: 0.303900 ms CreateObjectMapping: 0.058100 ms MarkObjects: 2.348700 ms  DeleteObjects: 0.133300 ms)

========================================================================
Received Prepare
Registering precompiled user dll's ...
Registered in 0.001847 seconds.
Begin MonoManager ReloadAssembly
Native extension for LinuxStandalone target not found
Native extension for WindowsStandalone target not found
Native extension for OSXStandalone target not found
Refreshing native plugins compatible for Editor in 0.48 ms, found 1 plugins.
Preloading 0 native plugins for Editor in 0.00 ms.
Mono: successfully reloaded assembly
- Completed reload, in  1.062 seconds
Platform modules already initialized, skipping
Refreshing native plugins compatible for Editor in 0.40 ms, found 1 plugins.
Preloading 0 native plugins for Editor in 0.00 ms.
Unloading 1814 Unused Serialized files (Serialized files now loaded: 0)
System memory in use before: 85.3 MB.
System memory in use after: 85.3 MB.

Unloading 12 unused Assets to reduce memory usage. Loaded Objects now: 2272.
Total: 2.188400 ms (FindLiveObjects: 0.206500 ms CreateObjectMapping: 0.045800 ms MarkObjects: 1.810900 ms  DeleteObjects: 0.123800 ms)

========================================================================
Received Prepare
Registering precompiled user dll's ...
Registered in 0.001530 seconds.
Begin MonoManager ReloadAssembly
Native extension for LinuxStandalone target not found
Native extension for WindowsStandalone target not found
Native extension for OSXStandalone target not found
Refreshing native plugins compatible for Editor in 1.16 ms, found 1 plugins.
Preloading 0 native plugins for Editor in 0.00 ms.
Mono: successfully reloaded assembly
- Completed reload, in  1.052 seconds
Platform modules already initialized, skipping
Refreshing native plugins compatible for Editor in 0.39 ms, found 1 plugins.
Preloading 0 native plugins for Editor in 0.00 ms.
Unloading 1814 Unused Serialized files (Serialized files now loaded: 0)
System memory in use before: 85.3 MB.
System memory in use after: 85.3 MB.

Unloading 12 unused Assets to reduce memory usage. Loaded Objects now: 2276.
Total: 2.153300 ms (FindLiveObjects: 0.206800 ms CreateObjectMapping: 0.045100 ms MarkObjects: 1.785700 ms  DeleteObjects: 0.114400 ms)

========================================================================
Received Prepare
Registering precompiled user dll's ...
Registered in 0.001616 seconds.
Begin MonoManager ReloadAssembly
Native extension for LinuxStandalone target not found
Native extension for WindowsStandalone target not found
Native extension for OSXStandalone target not found
Refreshing native plugins compatible for Editor in 0.74 ms, found 1 plugins.
Preloading 0 native plugins for Editor in 0.00 ms.
Mono: successfully reloaded assembly
- Completed reload, in  1.049 seconds
Platform modules already initialized, skipping
Refreshing native plugins compatible for Editor in 0.42 ms, found 1 plugins.
Preloading 0 native plugins for Editor in 0.00 ms.
Unloading 1814 Unused Serialized files (Serialized files now loaded: 0)
System memory in use before: 85.3 MB.
System memory in use after: 85.3 MB.

Unloading 12 unused Assets to reduce memory usage. Loaded Objects now: 2280.
Total: 2.204800 ms (FindLiveObjects: 0.225300 ms CreateObjectMapping: 0.047300 ms MarkObjects: 1.805800 ms  DeleteObjects: 0.125000 ms)

========================================================================
Received Import Request.
  Time since last request: 1031.896776 seconds.
  path: Assets/Resources/Blackboard.asset
  artifactKey: Guid(ce74ad632a696bb4b8d80d4c7ddc365b) Importer(815301076,1909f56bfc062723c751e8b465ee728b)
Start importing Assets/Resources/Blackboard.asset using Guid(ce74ad632a696bb4b8d80d4c7ddc365b) Importer(815301076,1909f56bfc062723c751e8b465ee728b)  -> (artifact id: '190ace444aae696b5deeeec4312dca75') in 0.020693 seconds
  Import took 0.024201 seconds .

AssetImportWorkerClient::OnTransportError - code=2 error=End of file
